<?xml version="1.0" encoding="UTF-8"?>
<!-- Generated by org.testng.reporters.JUnitReportReporter -->
<testsuite hostname="DESKTOP-B4ND95H" failures="0" tests="1" name="com.ddt.testcases.AdminLoginTestwithValidData" time="37.227" errors="0" timestamp="2022-10-23T17:54:53 IST" skipped="0">
  <testcase classname="com.ddt.testcases.AdminLoginTestwithValidData" name="checkAdminLogin" time="37.227"/>
  <system-out/>
</testsuite> <!-- com.ddt.testcases.AdminLoginTestwithValidData -->
