<?xml version="1.0" encoding="UTF-8"?>
<!-- Generated by org.testng.reporters.JUnitReportReporter -->
<testsuite hostname="DESKTOP-B4ND95H" failures="0" tests="2" name="testNGScripts.Test1" time="0.021" errors="0" timestamp="2022-06-13T18:59:30 IST" skipped="0">
  <testcase classname="testNGScripts.Test1" name="TestCase_2" time="0.006"/>
  <system-out/>
  <testcase classname="testNGScripts.Test1" name="TestCase_1" time="0.015"/>
  <system-out/>
</testsuite> <!-- testNGScripts.Test1 -->
