<?xml version="1.0" encoding="UTF-8"?>
<!-- Generated by org.testng.reporters.JUnitReportReporter -->
<testsuite hostname="DESKTOP-B4ND95H" failures="0" tests="1" name="com.testng.listeners.TestCase" time="0.024" errors="0" timestamp="2022-10-26T21:57:56 IST" skipped="0">
  <testcase classname="com.testng.listeners.TestCase" name="testtofail" time="0.024"/>
  <system-out/>
</testsuite> <!-- com.testng.listeners.TestCase -->
