<?xml version="1.0" encoding="UTF-8"?>
<!-- Generated by org.testng.reporters.JUnitReportReporter -->
<testsuite hostname="DESKTOP-B4ND95H" failures="0" tests="2" name="com.testNGScripts.Home_Loan" time="0.022" errors="0" timestamp="2022-10-15T22:15:01 IST" skipped="0">
  <testcase classname="com.testNGScripts.Home_Loan" name="hLoan1" time="0.016"/>
  <system-out/>
  <testcase classname="com.testNGScripts.Home_Loan" name="hLoan2" time="0.006"/>
  <system-out/>
</testsuite> <!-- com.testNGScripts.Home_Loan -->
