<?xml version="1.0" encoding="UTF-8"?>
<!-- Generated by org.testng.reporters.JUnitReportReporter -->
<testsuite hostname="DESKTOP-B4ND95H" failures="0" tests="4" name="com.testNGScripts.LoginModule" time="24.498" errors="0" timestamp="2022-06-14T12:35:39 IST" skipped="1">
  <testcase classname="com.testNGScripts.LoginModule" name="TC1_ValidLogin" time="7.363"/>
  <system-out/>
  <testcase classname="com.testNGScripts.LoginModule" name="TC2_Logout" time="10.690"/>
  <system-out/>
  <testcase classname="com.testNGScripts.LoginModule" name="TC4_RESET" time="6.445"/>
  <system-out/>
  <testcase classname="com.testNGScripts.LoginModule" name="TC3_InvalidLogin">
    <skipped/>
  </testcase> <!-- TC3_InvalidLogin -->
  <system-out/>
</testsuite> <!-- com.testNGScripts.LoginModule -->
