<?xml version="1.0" encoding="UTF-8"?>
<!-- Generated by org.testng.reporters.JUnitReportReporter -->
<testsuite hostname="DESKTOP-B4ND95H" failures="0" tests="2" name="com.testNGScripts.BeforeClass_and_BeforeGroups" time="0.019" errors="0" timestamp="2022-10-31T17:43:18 IST" skipped="0">
  <testcase classname="com.testNGScripts.BeforeClass_and_BeforeGroups" name="test2" time="0.006"/>
  <system-out/>
  <testcase classname="com.testNGScripts.BeforeClass_and_BeforeGroups" name="test1" time="0.013"/>
  <system-out/>
</testsuite> <!-- com.testNGScripts.BeforeClass_and_BeforeGroups -->
