<?xml version="1.0" encoding="UTF-8"?>
<!-- Generated by org.testng.reporters.JUnitReportReporter -->
<testsuite hostname="DESKTOP-B4ND95H" failures="0" tests="3" name="com.testNGScripts.Test2" time="0.030" errors="0" timestamp="2022-10-26T21:45:33 IST" skipped="0">
  <testcase classname="com.testNGScripts.Test2" name="rrrr" time="0.004"/>
  <system-out/>
  <testcase classname="com.testNGScripts.Test2" name="qqqq" time="0.006"/>
  <system-out/>
  <testcase classname="com.testNGScripts.Test2" name="pppp" time="0.020"/>
  <system-out/>
</testsuite> <!-- com.testNGScripts.Test2 -->
