<?xml version="1.0" encoding="UTF-8"?>
<!-- Generated by org.testng.reporters.JUnitReportReporter -->
<testsuite hostname="DESKTOP-B4ND95H" failures="0" tests="2" name="com.testNGScripts.TestWithRegularExp" time="0.018" errors="0" timestamp="2022-09-28T12:43:07 IST" skipped="0">
  <testcase classname="com.testNGScripts.TestWithRegularExp" name="mobile_TestCase_1" time="0.015"/>
  <system-out/>
  <testcase classname="com.testNGScripts.TestWithRegularExp" name="mobile_TestCase_2" time="0.003"/>
  <system-out/>
</testsuite> <!-- com.testNGScripts.TestWithRegularExp -->
