<?xml version="1.0" encoding="UTF-8"?>
<!-- Generated by org.testng.reporters.JUnitReportReporter -->
<testsuite hostname="DESKTOP-B4ND95H" failures="0" tests="2" name="com.testNGScripts.Test3" time="0.011" errors="0" timestamp="2022-09-28T12:43:07 IST" skipped="0">
  <testcase classname="com.testNGScripts.Test3" name="app_TestCase_3" time="0.003"/>
  <system-out/>
  <testcase classname="com.testNGScripts.Test3" name="app_TestCase_4" time="0.008"/>
  <system-out/>
</testsuite> <!-- com.testNGScripts.Test3 -->
