<?xml version="1.0" encoding="UTF-8"?>
<!-- Generated by org.testng.reporters.JUnitReportReporter -->
<testsuite hostname="DESKTOP-B4ND95H" failures="0" tests="2" name="com.testNGScripts.CrossBrowserTesting" time="30.969" errors="0" timestamp="2022-10-31T17:29:15 IST" skipped="0">
  <testcase classname="com.testNGScripts.CrossBrowserTesting" name="tests" time="17.671"/>
  <system-out/>
  <testcase classname="com.testNGScripts.CrossBrowserTesting" name="tests" time="13.298"/>
  <system-out/>
</testsuite> <!-- com.testNGScripts.CrossBrowserTesting -->
