<?xml version="1.0" encoding="UTF-8"?>
<!-- Generated by org.testng.reporters.JUnitReportReporter -->
<testsuite hostname="DESKTOP-B4ND95H" failures="0" tests="2" name="com.testNGScripts.Test1" time="0.019" errors="0" timestamp="2022-10-26T21:45:10 IST" skipped="0">
  <testcase classname="com.testNGScripts.Test1" name="TestCase_2" time="0.007"/>
  <system-out/>
  <testcase classname="com.testNGScripts.Test1" name="TestCase_1" time="0.012"/>
  <system-out/>
</testsuite> <!-- com.testNGScripts.Test1 -->
