<?xml version="1.0" encoding="UTF-8"?>
<!-- Generated by org.testng.reporters.JUnitReportReporter -->
<testsuite hostname="DESKTOP-B4ND95H" failures="0" tests="1" name="com.testNGScripts.Car_Loan" time="0.024" errors="0" timestamp="2022-10-26T21:37:10 IST" skipped="0">
  <testcase classname="com.testNGScripts.Car_Loan" name="cLoan_One" time="0.024"/>
  <system-out/>
</testsuite> <!-- com.testNGScripts.Car_Loan -->
