<?xml version="1.0" encoding="UTF-8"?>
<!-- Generated by org.testng.reporters.JUnitReportReporter -->
<testsuite hostname="DESKTOP-B4ND95H" failures="0" tests="1" name="com.ddt.testcases.AdminLoginTestwithInvalidData" time="4.916" errors="0" timestamp="2022-10-23T17:54:53 IST" skipped="0">
  <testcase classname="com.ddt.testcases.AdminLoginTestwithInvalidData" name="checkAdminLogin" time="4.916"/>
  <system-out/>
</testsuite> <!-- com.ddt.testcases.AdminLoginTestwithInvalidData -->
