<?xml version="1.0" encoding="UTF-8"?>
<!-- Generated by org.testng.reporters.JUnitReportReporter -->
<testsuite hostname="DESKTOP-B4ND95H" failures="0" tests="2" name="testNGScripts.TestWithRegularExp" time="0.019" errors="0" timestamp="2022-06-13T21:58:41 IST" skipped="0">
  <testcase classname="testNGScripts.TestWithRegularExp" name="mobile_TestCase_2" time="0.004"/>
  <system-out/>
  <testcase classname="testNGScripts.TestWithRegularExp" name="mobile_TestCase_1" time="0.015"/>
  <system-out/>
</testsuite> <!-- testNGScripts.TestWithRegularExp -->
