<?xml version="1.0" encoding="UTF-8"?>
<!-- Generated by org.testng.reporters.JUnitReportReporter -->
<testsuite hostname="DESKTOP-B4ND95H" failures="0" tests="1" name="testNGScripts.Test2" time="0.014" errors="0" timestamp="2022-06-13T21:44:17 IST" skipped="0">
  <testcase classname="testNGScripts.Test2" name="TestCase_1" time="0.014"/>
  <system-out/>
</testsuite> <!-- testNGScripts.Test2 -->
