<?xml version="1.0" encoding="UTF-8"?>
<!-- Generated by org.testng.reporters.JUnitReportReporter -->
<testsuite hostname="DESKTOP-B4ND95H" failures="0" tests="6" name="com.testNGScripts.TestNGDataProviderEx" time="0.027" errors="0" timestamp="2022-10-26T21:46:27 IST" skipped="0">
  <testcase classname="com.testNGScripts.TestNGDataProviderEx" name="testDP" time="0.003"/>
  <system-out/>
  <testcase classname="com.testNGScripts.TestNGDataProviderEx" name="myTest" time="0.003"/>
  <system-out/>
  <testcase classname="com.testNGScripts.TestNGDataProviderEx" name="myTest" time="0.013"/>
  <system-out/>
  <testcase classname="com.testNGScripts.TestNGDataProviderEx" name="testDP" time="0.002"/>
  <system-out/>
  <testcase classname="com.testNGScripts.TestNGDataProviderEx" name="testDP" time="0.002"/>
  <system-out/>
  <testcase classname="com.testNGScripts.TestNGDataProviderEx" name="myTest" time="0.004"/>
  <system-out/>
</testsuite> <!-- com.testNGScripts.TestNGDataProviderEx -->
