<?xml version="1.0" encoding="UTF-8"?>
<!-- Generated by org.testng.reporters.JUnitReportReporter -->
<testsuite hostname="DESKTOP-B4ND95H" failures="0" tests="2" name="com.testNGScripts.ParallelTest1" time="22.582" errors="0" timestamp="2022-10-15T22:13:21 IST" skipped="0">
  <testcase classname="com.testNGScripts.ParallelTest1" name="atest2" time="10.104"/>
  <system-out/>
  <testcase classname="com.testNGScripts.ParallelTest1" name="btest1" time="12.478"/>
  <system-out/>
</testsuite> <!-- com.testNGScripts.ParallelTest1 -->
