<?xml version="1.0" encoding="UTF-8"?>
<!-- Generated by org.testng.reporters.JUnitReportReporter -->
<testsuite hostname="DESKTOP-B4ND95H" failures="0" tests="1" name="com.ddt.testcases.Hibrid_means_keword_DDT_Test_Case" time="31.774" errors="0" timestamp="2022-10-23T21:53:24 IST" skipped="0">
  <testcase classname="com.ddt.testcases.Hibrid_means_keword_DDT_Test_Case" name="checkOrangeHRM" time="31.774"/>
  <system-out/>
</testsuite> <!-- com.ddt.testcases.Hibrid_means_keword_DDT_Test_Case -->
