<?xml version="1.0" encoding="UTF-8"?>
<!-- Generated by org.testng.reporters.JUnitReportReporter -->
<testsuite hostname="DESKTOP-B4ND95H" failures="0" tests="2" name="com.testNGScripts.ParallelTest2" time="22.162" errors="0" timestamp="2022-10-15T22:09:41 IST" skipped="0">
  <testcase classname="com.testNGScripts.ParallelTest2" name="btest4" time="17.116"/>
  <system-out/>
  <testcase classname="com.testNGScripts.ParallelTest2" name="atest5" time="5.046"/>
  <system-out/>
</testsuite> <!-- com.testNGScripts.ParallelTest2 -->
