<?xml version="1.0" encoding="UTF-8"?>
<!-- Generated by org.testng.reporters.JUnitReportReporter -->
<testsuite hostname="DESKTOP-B4ND95H" failures="0" tests="1" name="com.testNGScripts.TestParams" time="0.017" errors="0" timestamp="2022-10-18T09:01:07 IST" skipped="0">
  <testcase classname="com.testNGScripts.TestParams" name="rrrr" time="0.017"/>
  <system-out/>
</testsuite> <!-- com.testNGScripts.TestParams -->
