<?xml version="1.0" encoding="UTF-8"?>
<!-- Generated by org.testng.reporters.JUnitReportReporter -->
<testsuite hostname="DESKTOP-B4ND95H" failures="0" tests="2" name="testNGScripts.Test3" time="0.004" errors="0" timestamp="2022-06-13T21:58:41 IST" skipped="0">
  <testcase classname="testNGScripts.Test3" name="app_TestCase_3" time="0.002"/>
  <system-out/>
  <testcase classname="testNGScripts.Test3" name="app_TestCase_4" time="0.002"/>
  <system-out/>
</testsuite> <!-- testNGScripts.Test3 -->
