<?xml version="1.0" encoding="UTF-8"?>
<!-- Generated by org.testng.reporters.JUnitReportReporter -->
<testsuite hostname="DESKTOP-B4ND95H" failures="0" tests="3" name="com.testNGScripts.Test2" time="0.007" errors="0" timestamp="2022-11-03T12:22:12 IST" skipped="0">
  <testcase classname="com.testNGScripts.Test2" name="qqqq" time="0.001"/>
  <system-out/>
  <testcase classname="com.testNGScripts.Test2" name="rrrr" time="0.000"/>
  <system-out/>
  <testcase classname="com.testNGScripts.Test2" name="pppp" time="0.006"/>
  <system-out/>
</testsuite> <!-- com.testNGScripts.Test2 -->
